Change Component Description : Designator=Y1 Old Description=-40?~+85? 32.768kHz 12.5pF 70kO ±20ppm SMD3215-2P Crystals ROHS New Description=-40?~+85? 32.768kHz 12.5pF 70kO ±20ppm SMD3215-2P Crystals ROHS
Change Component Description : Designator=C2 Old Description=-40?~+85? 2000hrs@85? 220uF 10mm 16V 8mm 215mA@120Hz ±20% SMD,D8xL10mm Aluminum Electrolytic Capacitors - SMD ROHS New Description=-40?~+85? 2000hrs@85? 220uF 10mm 16V 8mm 215mA@120Hz ±20% SMD,D8xL10mm Aluminum Electrolytic Capacitors - SMD ROHS
Change Component Description : Designator=B2 Old Description=10mH@1kHz 1.2O 2 500mA 50V Plugin Common Mode Filters ROHS New Description=10mH@1kHz 1.2O 2 500mA 50V Plugin Common Mode Filters ROHS
Change Component Description : Designator=R8 Old Description=50V 10kO Thick Film Resistors 62.5mW ±1% -55?~+155? ±100ppm/? 0402 Chip Resistor - Surface Mount ROHS New Description=50V 10kO Thick Film Resistors 62.5mW ±1% -55?~+155? ±100ppm/? 0402 Chip Resistor - Surface Mount ROHS
Change Component Description : Designator=R9 Old Description=50V 10kO Thick Film Resistors 62.5mW ±1% -55?~+155? ±100ppm/? 0402 Chip Resistor - Surface Mount ROHS New Description=50V 10kO Thick Film Resistors 62.5mW ±1% -55?~+155? ±100ppm/? 0402 Chip Resistor - Surface Mount ROHS
Change Component Description : Designator=R11 Old Description=50V 10kO Thick Film Resistors 62.5mW ±1% -55?~+155? ±100ppm/? 0402 Chip Resistor - Surface Mount ROHS New Description=50V 10kO Thick Film Resistors 62.5mW ±1% -55?~+155? ±100ppm/? 0402 Chip Resistor - Surface Mount ROHS
Change Component Description : Designator=A1 Old Description=75dB@(120Hz) 1A 1.25V@(1A) ±125?@(Tj) Fixed 3.3V~3.3V Positive 1 20V SOT-89 Linear Voltage Regulators (LDO) ROHS New Description=75dB@(120Hz) 1A 1.25V@(1A) ±125?@(Tj) Fixed 3.3V~3.3V Positive 1 20V SOT-89 Linear Voltage Regulators (LDO) ROHS
Change Component Description : Designator=A2 Old Description=75dB@(120Hz) 1A 1.25V@(1A) ±125?@(Tj) Fixed 3.3V~3.3V Positive 1 20V SOT-89 Linear Voltage Regulators (LDO) ROHS New Description=75dB@(120Hz) 1A 1.25V@(1A) ±125?@(Tj) Fixed 3.3V~3.3V Positive 1 20V SOT-89 Linear Voltage Regulators (LDO) ROHS
Change Component Description : Designator=R3 Old Description=100mW Thick Film Resistors 75V ±100ppm/? ±1% -55?~+155? 470O 0603 Chip Resistor - Surface Mount ROHS New Description=100mW Thick Film Resistors 75V ±100ppm/? ±1% -55?~+155? 470O 0603 Chip Resistor - Surface Mount ROHS
Change Component Description : Designator=S1 Old Description=Surface Mount 50mA DPDT 3.2mm 12V 9.1mm 12V 3.55mm 50mA 10000 SMDSplicing Rectangular columnar -40?~+85? Black SMD Slide Switches ROHS New Description=Surface Mount 50mA DPDT 3.2mm 12V 9.1mm 12V 3.55mm 50mA 10000 SMDSplicing Rectangular columnar -40?~+85? Black SMD Slide Switches ROHS
Change Component Description : Designator=C9 Old Description=X5R 10V 1uF ±10% 0402 Multilayer Ceramic Capacitors MLCC - SMD/SMT ROHS New Description= X5R 10V 1uF ±10% 0402 Multilayer Ceramic Capacitors MLCC - SMD/SMT ROHS
Change Component Description : Designator=B3 Old Description=±10% 10kO Plugin Variable Resistors/Potentiometers ROHS New Description=±10% 10kO Plugin Variable Resistors/Potentiometers ROHS
Change component parameters: Designator = "R3"; Footprint = "RESC1608X55X25LL10T15"; UniqueID = "\PUJMFYBA"
Change component parameters. Clean all parameters for all variants
Change component parameters (AddParameter): Name = "ComponentLink1Description"; Value = "Manufacturer URL"; VariantName = "[No Variations]"
Change component parameters (AddParameter): Name = "ComponentLink1URL"; Value = "http://www.yageo.com/"; VariantName = "[No Variations]"
Change component parameters (AddParameter): Name = "ComponentLink2Description"; Value = "Datasheet"; VariantName = "[No Variations]"
Change component parameters (AddParameter): Name = "ComponentLink2URL"; Value = "https://datasheet.ciiva.com/11808/0900766b80f96399-11808177.pdf"; VariantName = "[No Variations]"
Change component parameters (AddParameter): Name = "Datasheet"; Value = "https://datasheet.lcsc.com/lcsc/1810161617_YAGEO-RC0603FR-07470RL_C114669.pdf"; VariantName = "[No Variations]"
Change component parameters (AddParameter): Name = "LCSC Part #"; Value = "C114669"; VariantName = "[No Variations]"
Change component parameters (AddParameter): Name = "Manufacturer"; Value = "YAGEO"; VariantName = "[No Variations]"
Change component parameters (AddParameter): Name = "Mfr. Part #"; Value = "RC0603FR-07470RL"; VariantName = "[No Variations]"
Change component parameters (AddParameter): Name = "Package"; Value = "0603"; VariantName = "[No Variations]"
Change component parameters (AddParameter): Name = "Value"; Value = "470O"; VariantName = "[No Variations]"
Change component parameters: Designator = "R8"; Footprint = "RESC1005X40X25LL05T10"; UniqueID = "\FRPOXMLX"
Change component parameters. Clean all parameters for all variants
Change component parameters (AddParameter): Name = "LCSC Part #"; Value = "C60490"; VariantName = "[No Variations]"
Change component parameters (AddParameter): Name = "Manufacturer"; Value = "YAGEO"; VariantName = "[No Variations]"
Change component parameters (AddParameter): Name = "Mfr. Part #"; Value = "RC0402FR-0710KL"; VariantName = "[No Variations]"
Change component parameters (AddParameter): Name = "Package"; Value = "0402"; VariantName = "[No Variations]"
Change component parameters (AddParameter): Name = "Value"; Value = "10kO"; VariantName = "[No Variations]"
Change component parameters: Designator = "R9"; Footprint = "RESC1005X40X25LL05T10"; UniqueID = "\IFGUBXCG"
Change component parameters. Clean all parameters for all variants
Change component parameters (AddParameter): Name = "LCSC Part #"; Value = "C60490"; VariantName = "[No Variations]"
Change component parameters (AddParameter): Name = "Manufacturer"; Value = "YAGEO"; VariantName = "[No Variations]"
Change component parameters (AddParameter): Name = "Mfr. Part #"; Value = "RC0402FR-0710KL"; VariantName = "[No Variations]"
Change component parameters (AddParameter): Name = "Package"; Value = "0402"; VariantName = "[No Variations]"
Change component parameters (AddParameter): Name = "Value"; Value = "10kO"; VariantName = "[No Variations]"
Change component parameters: Designator = "R11"; Footprint = "RESC1005X40X25LL05T10"; UniqueID = "\GNSQVFFH"
Change component parameters. Clean all parameters for all variants
Change component parameters (AddParameter): Name = "LCSC Part #"; Value = "C60490"; VariantName = "[No Variations]"
Change component parameters (AddParameter): Name = "Manufacturer"; Value = "YAGEO"; VariantName = "[No Variations]"
Change component parameters (AddParameter): Name = "Mfr. Part #"; Value = "RC0402FR-0710KL"; VariantName = "[No Variations]"
Change component parameters (AddParameter): Name = "Package"; Value = "0402"; VariantName = "[No Variations]"
Change component parameters (AddParameter): Name = "Value"; Value = "10kO"; VariantName = "[No Variations]"
Added Member To Class: ClassName=AQM with esp32 Member=Component A1 IC1
Added Member To Class: ClassName=esp32-c3 module Member=Component A2 IC1
Added Member To Class: ClassName=AQM with esp32 Member=Component B1 10D561K
Added Member To Class: ClassName=AQM with esp32 Member=Component B2 UU9.8Y-10MH
Added Member To Class: ClassName=AQM with esp32 Member=Component B3 3296X-1-103
Added Member To Class: ClassName=esp32-c3 module Member=Component B4 ESP32-C3-WROOM-02-N4
Added Member To Class: ClassName=AQM with esp32 Member=Component C1 0.1uF
Added Member To Class: ClassName=AQM with esp32 Member=Component C2 220uF
Added Member To Class: ClassName=AQM with esp32 Member=Component C3 22uF
Added Member To Class: ClassName=AQM with esp32 Member=Component C4 10uF
Added Member To Class: ClassName=esp32-c3 module Member=Component C5 22uF
Added Member To Class: ClassName=esp32-c3 module Member=Component C6 10uF
Added Member To Class: ClassName=esp32-c3 module Member=Component C7 10uF
Added Member To Class: ClassName=esp32-c3 module Member=Component C8 100nF
Added Member To Class: ClassName=esp32-c3 module Member=Component C9 1uF
Added Member To Class: ClassName=esp32-c3 module Member=Component C10 12pF
Added Member To Class: ClassName=esp32-c3 module Member=Component C11 12pF
Added Member To Class: ClassName=AQM with esp32 Member=Component D1 Display
Added Member To Class: ClassName=AQM with esp32 Member=Component F1 S6125-M2-0.5A
Added Member To Class: ClassName=AQM with esp32 Member=Component J1 5004
Added Member To Class: ClassName=AQM with esp32 Member=Component J2 5004
Added Member To Class: ClassName=AQM with esp32 Member=Component J3 5004
Added Member To Class: ClassName=AQM with esp32 Member=Component J4 5004
Added Member To Class: ClassName=AQM with esp32 Member=Component J5 5004
Added Member To Class: ClassName=esp32-c3 module Member=Component J6 10118192-0001LF
Added Member To Class: ClassName=AQM with esp32 Member=Component P1 AC suppy
Added Member To Class: ClassName=AQM with esp32 Member=Component P2 uv lamp
Added Member To Class: ClassName=AQM with esp32 Member=Component P3 Header 3
Added Member To Class: ClassName=AQM with esp32 Member=Component P4 Hum/Tem Sensor
Added Member To Class: ClassName=AQM with esp32 Member=Component P5 CO2/VOC sensor
Added Member To Class: ClassName=AQM with esp32 Member=Component P6 CH2O sensor
Added Member To Class: ClassName=AQM with esp32 Member=Component P7 CO sensor
Added Member To Class: ClassName=AQM with esp32 Member=Component P8 O3 sensor
Added Member To Class: ClassName=AQM with esp32 Member=Component P9 PMS5003
Added Member To Class: ClassName=AQM with esp32 Member=Component P10 5V FAN
Added Member To Class: ClassName=esp32-c3 module Member=Component P11 Header 9
Added Member To Class: ClassName=esp32-c3 module Member=Component P12 Header 9
Added Member To Class: ClassName=AQM with esp32 Member=Component Q1 2SD313
Added Member To Class: ClassName=AQM with esp32 Member=Component R1 0R
Added Member To Class: ClassName=AQM with esp32 Member=Component R2 0R
Added Member To Class: ClassName=AQM with esp32 Member=Component R3 470O
Added Member To Class: ClassName=esp32-c3 module Member=Component R4 0R
Added Member To Class: ClassName=esp32-c3 module Member=Component R5 0R
Added Member To Class: ClassName=esp32-c3 module Member=Component R6 0R
Added Member To Class: ClassName=esp32-c3 module Member=Component R7 0R
Added Member To Class: ClassName=esp32-c3 module Member=Component R8 10kO
Added Member To Class: ClassName=AQM with esp32 Member=Component R9 10kO
Added Member To Class: ClassName=esp32-c3 module Member=Component R10 0R
Added Member To Class: ClassName=esp32-c3 module Member=Component R11 10kO
Added Member To Class: ClassName=esp32-c3 module Member=Component R12 0R
Added Member To Class: ClassName=esp32-c3 module Member=Component R13 0R
Added Member To Class: ClassName=esp32-c3 module Member=Component R14 0R
Added Member To Class: ClassName=AQM with esp32 Member=Component R16 0R
Added Member To Class: ClassName=esp32-c3 module Member=Component R17 0R
Added Member To Class: ClassName=AQM with esp32 Member=Component S1 Switch
Added Member To Class: ClassName=esp32-c3 module Member=Component S2 TL1105AF160Q
Added Member To Class: ClassName=esp32-c3 module Member=Component S3 TL1105AF160Q
Added Member To Class: ClassName=AQM with esp32 Member=Component S4 TL1105AF160Q
Added Member To Class: ClassName=AQM with esp32 Member=Component U1 HLK-10M05
Added Member To Class: ClassName=esp32-c3 module Member=Component Y1 32.768kHz
Added Room: Name=AQM with esp32
Added Room: Name=esp32-c3 module
