Removed Pin From Net: NetName=RX1 Pin=P11-1
Removed Pin From Net: NetName=SDA Pin=P11-2
Removed Pin From Net: NetName=SCL Pin=P11-3
Removed Pin From Net: NetName=EN Pin=P11-4
Removed Pin From Net: NetName=VDD3.3V Pin=P11-5
Removed Pin From Net: NetName=GND Pin=P12-1
Removed Pin From Net: NetName=IO9 Pin=P12-2
Removed Pin From Net: NetName=RESET Pin=P12-3
Removed Pin From Net: NetName=TX1 Pin=P12-4
Removed Member From Class: ClassName=esp32-c3 module Member=P13
Change Component Footprint: Designator=P11 Old Footprint=HDR1X5 New Footprint=HDR1X9
Change Component Comment : Designator=P11 Old Comment=Header 5 New Comment=Header 9
Change Component Designator: OldDesignator=P13 NewDesignator=P12
Change component parameters: Designator = "R3"; Footprint = "RESC1608X55X25LL10T15"; UniqueID = "\PUJMFYBA"
Change component parameters. Clean all parameters for all variants
Change component parameters (AddParameter): Name = "ComponentLink1Description"; Value = "Manufacturer URL"; VariantName = "[No Variations]"
Change component parameters (AddParameter): Name = "ComponentLink1URL"; Value = "http://www.yageo.com/"; VariantName = "[No Variations]"
Change component parameters (AddParameter): Name = "ComponentLink2Description"; Value = "Datasheet"; VariantName = "[No Variations]"
Change component parameters (AddParameter): Name = "ComponentLink2URL"; Value = "https://datasheet.ciiva.com/11808/0900766b80f96399-11808177.pdf"; VariantName = "[No Variations]"
Change component parameters (AddParameter): Name = "Datasheet"; Value = "https://datasheet.lcsc.com/lcsc/1810161617_YAGEO-RC0603FR-07470RL_C114669.pdf"; VariantName = "[No Variations]"
Change component parameters (AddParameter): Name = "LCSC Part #"; Value = "C114669"; VariantName = "[No Variations]"
Change component parameters (AddParameter): Name = "Manufacturer"; Value = "YAGEO"; VariantName = "[No Variations]"
Change component parameters (AddParameter): Name = "Mfr. Part #"; Value = "RC0603FR-07470RL"; VariantName = "[No Variations]"
Change component parameters (AddParameter): Name = "Package"; Value = "0603"; VariantName = "[No Variations]"
Change component parameters (AddParameter): Name = "Value"; Value = "470O"; VariantName = "[No Variations]"
Change component parameters: Designator = "R8"; Footprint = "RESC1005X40X25LL05T10"; UniqueID = "\FRPOXMLX"
Change component parameters. Clean all parameters for all variants
Change component parameters (AddParameter): Name = "LCSC Part#1"; Value = "C60490"; VariantName = "[No Variations]"
Change component parameters (AddParameter): Name = "Manufacturer"; Value = "YAGEO"; VariantName = "[No Variations]"
Change component parameters (AddParameter): Name = "Mfr.Part #"; Value = "RC0402FR-0710KL"; VariantName = "[No Variations]"
Change component parameters (AddParameter): Name = "Package"; Value = "0402"; VariantName = "[No Variations]"
Change component parameters (AddParameter): Name = "Value"; Value = "10kO"; VariantName = "[No Variations]"
Change component parameters: Designator = "R9"; Footprint = "RESC1005X40X25LL05T10"; UniqueID = "\BXGEJRRT"
Change component parameters. Clean all parameters for all variants
Change component parameters (AddParameter): Name = "LCSC Part#1"; Value = "C60490"; VariantName = "[No Variations]"
Change component parameters (AddParameter): Name = "Manufacturer"; Value = "YAGEO"; VariantName = "[No Variations]"
Change component parameters (AddParameter): Name = "Mfr.Part #"; Value = "RC0402FR-0710KL"; VariantName = "[No Variations]"
Change component parameters (AddParameter): Name = "Package"; Value = "0402"; VariantName = "[No Variations]"
Change component parameters (AddParameter): Name = "Value"; Value = "10kO"; VariantName = "[No Variations]"
Change component parameters: Designator = "R11"; Footprint = "RESC1005X40X25LL05T10"; UniqueID = "\GNSQVFFH"
Change component parameters. Clean all parameters for all variants
Change component parameters (AddParameter): Name = "LCSC Part#1"; Value = "C60490"; VariantName = "[No Variations]"
Change component parameters (AddParameter): Name = "Manufacturer"; Value = "YAGEO"; VariantName = "[No Variations]"
Change component parameters (AddParameter): Name = "Mfr.Part #"; Value = "RC0402FR-0710KL"; VariantName = "[No Variations]"
Change component parameters (AddParameter): Name = "Package"; Value = "0402"; VariantName = "[No Variations]"
Change component parameters (AddParameter): Name = "Value"; Value = "10kO"; VariantName = "[No Variations]"
Added Pin To Net: NetName=GND Pin=P11-1
Added Pin To Net: NetName=IO9 Pin=P11-2
Added Pin To Net: NetName=RESET Pin=P11-3
Added Pin To Net: NetName=TX1 Pin=P11-4
Added Pin To Net: NetName=RX1 Pin=P11-5
Added Pin To Net: NetName=SDA Pin=P11-6
Added Pin To Net: NetName=SCL Pin=P11-7
Added Pin To Net: NetName=EN Pin=P11-8
Added Pin To Net: NetName=VDD3.3V Pin=P11-9
Added Room: Name=AQM with esp32
Added Room: Name=esp32-c3 module
