Change Component Description : Designator=Y1 Old Description=-40?~+85? 32.768kHz 12.5pF 70kO ±20ppm SMD3215-2P Crystals ROHS New Description=-40?~+85? 32.768kHz 12.5pF 70kO ±20ppm SMD3215-2P Crystals ROHS
Change Component Description : Designator=C2 Old Description=-40?~+85? 2000hrs@85? 220uF 10mm 16V 8mm 215mA@120Hz ±20% SMD,D8xL10mm Aluminum Electrolytic Capacitors - SMD ROHS New Description=-40?~+85? 2000hrs@85? 220uF 10mm 16V 8mm 215mA@120Hz ±20% SMD,D8xL10mm Aluminum Electrolytic Capacitors - SMD ROHS
Change Component Description : Designator=C1 Old Description=0.1uF ±10% -40?~+110? X2 275VAC Radial Leaded,P=15mm Suppression Capacitors ROHS New Description=0.1uF ±10% -40?~+110? X2 275VAC Radial Leaded,P=15mm Suppression Capacitors ROHS
Change Component Description : Designator=B2 Old Description=10mH@1kHz 1.2O 2 500mA 50V Plugin Common Mode Filters ROHS New Description=10mH@1kHz 1.2O 2 500mA 50V Plugin Common Mode Filters ROHS
Change Component Description : Designator=R8 Old Description=50V 10kO Thick Film Resistors 62.5mW ±1% -55?~+155? ±100ppm/? 0402 Chip Resistor - Surface Mount ROHS New Description=50V 10kO Thick Film Resistors 62.5mW ±1% -55?~+155? ±100ppm/? 0402 Chip Resistor - Surface Mount ROHS
Change Component Description : Designator=R9 Old Description=50V 10kO Thick Film Resistors 62.5mW ±1% -55?~+155? ±100ppm/? 0402 Chip Resistor - Surface Mount ROHS New Description=50V 10kO Thick Film Resistors 62.5mW ±1% -55?~+155? ±100ppm/? 0402 Chip Resistor - Surface Mount ROHS
Change Component Description : Designator=R11 Old Description=50V 10kO Thick Film Resistors 62.5mW ±1% -55?~+155? ±100ppm/? 0402 Chip Resistor - Surface Mount ROHS New Description=50V 10kO Thick Film Resistors 62.5mW ±1% -55?~+155? ±100ppm/? 0402 Chip Resistor - Surface Mount ROHS
Change Component Description : Designator=A1 Old Description=75dB@(120Hz) 1A 1.25V@(1A) ±125?@(Tj) Fixed 3.3V~3.3V Positive 1 20V SOT-89 Linear Voltage Regulators (LDO) ROHS New Description=75dB@(120Hz) 1A 1.25V@(1A) ±125?@(Tj) Fixed 3.3V~3.3V Positive 1 20V SOT-89 Linear Voltage Regulators (LDO) ROHS
Change Component Description : Designator=A2 Old Description=75dB@(120Hz) 1A 1.25V@(1A) ±125?@(Tj) Fixed 3.3V~3.3V Positive 1 20V SOT-89 Linear Voltage Regulators (LDO) ROHS New Description=75dB@(120Hz) 1A 1.25V@(1A) ±125?@(Tj) Fixed 3.3V~3.3V Positive 1 20V SOT-89 Linear Voltage Regulators (LDO) ROHS
Change Component Description : Designator=R3 Old Description=100mW Thick Film Resistors 75V ±100ppm/? ±1% -55?~+155? 470O 0603 Chip Resistor - Surface Mount ROHS New Description=100mW Thick Film Resistors 75V ±100ppm/? ±1% -55?~+155? 470O 0603 Chip Resistor - Surface Mount ROHS
Change Component Description : Designator=S1 Old Description=Surface Mount 50mA DPDT 3.2mm 12V 9.1mm 12V 3.55mm 50mA 10000 SMDSplicing Rectangular columnar -40?~+85? Black SMD Slide Switches ROHS New Description=Surface Mount 50mA DPDT 3.2mm 12V 9.1mm 12V 3.55mm 50mA 10000 SMDSplicing Rectangular columnar -40?~+85? Black SMD Slide Switches ROHS
Change Component Description : Designator=C9 Old Description=X5R 10V 1uF ±10% 0402 Multilayer Ceramic Capacitors MLCC - SMD/SMT ROHS New Description= X5R 10V 1uF ±10% 0402 Multilayer Ceramic Capacitors MLCC - SMD/SMT ROHS
Change Component Description : Designator=B3 Old Description=±10% 10kO Plugin Variable Resistors/Potentiometers ROHS New Description=±10% 10kO Plugin Variable Resistors/Potentiometers ROHS
Change component parameters: Designator = "R3"; Footprint = "RESC1608X55X25LL10T15"; UniqueID = "\PUJMFYBA"
Change component parameters. Clean all parameters for all variants
Change component parameters (AddParameter): Name = "ComponentLink1Description"; Value = "Manufacturer URL"; VariantName = "[No Variations]"
Change component parameters (AddParameter): Name = "ComponentLink1URL"; Value = "http://www.yageo.com/"; VariantName = "[No Variations]"
Change component parameters (AddParameter): Name = "ComponentLink2Description"; Value = "Datasheet"; VariantName = "[No Variations]"
Change component parameters (AddParameter): Name = "ComponentLink2URL"; Value = "https://datasheet.ciiva.com/11808/0900766b80f96399-11808177.pdf"; VariantName = "[No Variations]"
Change component parameters (AddParameter): Name = "Datasheet"; Value = "https://datasheet.lcsc.com/lcsc/1810161617_YAGEO-RC0603FR-07470RL_C114669.pdf"; VariantName = "[No Variations]"
Change component parameters (AddParameter): Name = "LCSC Part #"; Value = "C114669"; VariantName = "[No Variations]"
Change component parameters (AddParameter): Name = "Manufacturer"; Value = "YAGEO"; VariantName = "[No Variations]"
Change component parameters (AddParameter): Name = "Mfr. Part #"; Value = "RC0603FR-07470RL"; VariantName = "[No Variations]"
Change component parameters (AddParameter): Name = "Package"; Value = "0603"; VariantName = "[No Variations]"
Change component parameters (AddParameter): Name = "Value"; Value = "470O"; VariantName = "[No Variations]"
Change component parameters: Designator = "A2"; Footprint = "SOT89-150P350X150-3N"; UniqueID = "\HBYPGJFN"
Change component parameters. Clean all parameters for all variants
Change component parameters (AddParameter): Name = "Datasheet"; Value = "https://datasheet.lcsc.com/lcsc/2110121330_YONGYUTAI-AMS1117-3-3_C2904742.pdf"; VariantName = "[No Variations]"
Change component parameters (AddParameter): Name = "LCSC Part #"; Value = "C2904742"; VariantName = "[No Variations]"
Change component parameters (AddParameter): Name = "Manufacturer"; Value = "YONGYUTAI"; VariantName = "[No Variations]"
Change component parameters (AddParameter): Name = "Mfr. Part #"; Value = "AMS1117-3.3"; VariantName = "[No Variations]"
Change component parameters (AddParameter): Name = "Package"; Value = "SOT-89"; VariantName = "[No Variations]"
Change component parameters: Designator = "C5"; Footprint = "FP-GRM219-0_2-0_15-IPC_A"; UniqueID = "\XBAYYNRO"
Change component parameters. Clean all parameters for all variants
Change component parameters (AddParameter): Name = "Datasheet"; Value = "https://datasheet.lcsc.com/lcsc/1811141821_Murata-Electronics-GRM219R61C226ME15L_C162295.pdf"; VariantName = "[No Variations]"
Change component parameters (AddParameter): Name = "LCSC Part #"; Value = "C162295"; VariantName = "[No Variations]"
Change component parameters (AddParameter): Name = "Manufacturer"; Value = "Murata Electronics"; VariantName = "[No Variations]"
Change component parameters (AddParameter): Name = "Mfr. Part #"; Value = "GRM219R61C226ME15L"; VariantName = "[No Variations]"
Change component parameters (AddParameter): Name = "Package"; Value = "0805"; VariantName = "[No Variations]"
Change component parameters (AddParameter): Name = "value"; Value = "22uF"; VariantName = "[No Variations]"
Change component parameters: Designator = "C6"; Footprint = "CL05A106MQ5NUNC"; UniqueID = "\HXQJEEYG"
Change component parameters. Clean all parameters for all variants
Change component parameters (AddParameter): Name = "Datasheet Link"; Value = "https://datasheet.datasheetarchive.com/originals/distributors/Datasheets-DGA10/2406160.pdf"; VariantName = "[No Variations]"
Change component parameters (AddParameter): Name = "LCSC Part #"; Value = "C15525"; VariantName = "[No Variations]"
Change component parameters (AddParameter): Name = "Manufacturer"; Value = "Samsung Electro-Mechanics"; VariantName = "[No Variations]"
Change component parameters (AddParameter): Name = "Mfr. Part #"; Value = "CL05A106MQ5NUNC"; VariantName = "[No Variations]"
Change component parameters (AddParameter): Name = "Package"; Value = "0402"; VariantName = "[No Variations]"
Change component parameters (AddParameter): Name = "value"; Value = "10uF"; VariantName = "[No Variations]"
Change component parameters: Designator = "C7"; Footprint = "CL05A106MQ5NUNC"; UniqueID = "\ECQGTWSS"
Change component parameters. Clean all parameters for all variants
Change component parameters (AddParameter): Name = "Datasheet Link"; Value = "https://datasheet.datasheetarchive.com/originals/distributors/Datasheets-DGA10/2406160.pdf"; VariantName = "[No Variations]"
Change component parameters (AddParameter): Name = "LCSC Part #"; Value = "C15525"; VariantName = "[No Variations]"
Change component parameters (AddParameter): Name = "Manufacturer"; Value = "Samsung Electro-Mechanics"; VariantName = "[No Variations]"
Change component parameters (AddParameter): Name = "Mfr. Part #"; Value = "CL05A106MQ5NUNC"; VariantName = "[No Variations]"
Change component parameters (AddParameter): Name = "Package"; Value = "0402"; VariantName = "[No Variations]"
Change component parameters (AddParameter): Name = "value"; Value = "10uF"; VariantName = "[No Variations]"
Change component parameters: Designator = "C10"; Footprint = "CAPC1608X90X30LL10T20"; UniqueID = "\NUAVPYOU"
Change component parameters. Clean all parameters for all variants
Change component parameters (AddParameter): Name = "Datasheet"; Value = "https://datasheet.lcsc.com/lcsc/1810261515_Samsung-Electro-Mechanics-CL10C120JB8NNNC_C38523.pdf"; VariantName = "[No Variations]"
Change component parameters (AddParameter): Name = "LCSC Part #"; Value = "C38523"; VariantName = "[No Variations]"
Change component parameters (AddParameter): Name = "Manufacturer"; Value = "Samsung Electro-Mechanics"; VariantName = "[No Variations]"
Change component parameters (AddParameter): Name = "Mfr. Part #"; Value = "CL10C120JB8NNNC"; VariantName = "[No Variations]"
Change component parameters (AddParameter): Name = "Package"; Value = "0603"; VariantName = "[No Variations]"
Change component parameters (AddParameter): Name = "Value"; Value = "12pF"; VariantName = "[No Variations]"
Change component parameters: Designator = "C11"; Footprint = "CAPC1608X90X30LL10T20"; UniqueID = "\FVLWKKTD"
Change component parameters. Clean all parameters for all variants
Change component parameters (AddParameter): Name = "Datasheet"; Value = "https://datasheet.lcsc.com/lcsc/1810261515_Samsung-Electro-Mechanics-CL10C120JB8NNNC_C38523.pdf"; VariantName = "[No Variations]"
Change component parameters (AddParameter): Name = "LCSC Part #"; Value = "C38523"; VariantName = "[No Variations]"
Change component parameters (AddParameter): Name = "Manufacturer"; Value = "Samsung Electro-Mechanics"; VariantName = "[No Variations]"
Change component parameters (AddParameter): Name = "Mfr. Part #"; Value = "CL10C120JB8NNNC"; VariantName = "[No Variations]"
Change component parameters (AddParameter): Name = "Package"; Value = "0603"; VariantName = "[No Variations]"
Change component parameters (AddParameter): Name = "Value"; Value = "12pF"; VariantName = "[No Variations]"
Change component parameters: Designator = "R4"; Footprint = "FP-RC0402-0_4-IPC_A"; UniqueID = "\JQNLFUPG"
Change component parameters. Clean all parameters for all variants
Change component parameters (AddParameter): Name = "Datasheet"; Value = "https://www.lcsc.com/product-detail/Chip-Resistor-Surface-Mount_YAGEO-RC0402FR-070RL_C106231.html"; VariantName = "[No Variations]"
Change component parameters (AddParameter): Name = "LCSC Part #"; Value = "C106231"; VariantName = "[No Variations]"
Change component parameters (AddParameter): Name = "Manufacturer"; Value = "Yageo"; VariantName = "[No Variations]"
Change component parameters (AddParameter): Name = "Mfr. Part #"; Value = "RC0402FR-070RL"; VariantName = "[No Variations]"
Change component parameters (AddParameter): Name = "Package"; Value = "0402"; VariantName = "[No Variations]"
Change component parameters (AddParameter): Name = "value"; Value = "0R"; VariantName = "[No Variations]"
Change component parameters: Designator = "R5"; Footprint = "FP-RC0402-0_4-IPC_A"; UniqueID = "\RNGQAVFU"
Change component parameters. Clean all parameters for all variants
Change component parameters (AddParameter): Name = "Datasheet"; Value = "https://www.lcsc.com/product-detail/Chip-Resistor-Surface-Mount_YAGEO-RC0402FR-070RL_C106231.html"; VariantName = "[No Variations]"
Change component parameters (AddParameter): Name = "LCSC Part #"; Value = "C106231"; VariantName = "[No Variations]"
Change component parameters (AddParameter): Name = "Manufacturer"; Value = "Yageo"; VariantName = "[No Variations]"
Change component parameters (AddParameter): Name = "Mfr. Part #"; Value = "RC0402FR-070RL"; VariantName = "[No Variations]"
Change component parameters (AddParameter): Name = "Package"; Value = "0402"; VariantName = "[No Variations]"
Change component parameters (AddParameter): Name = "value"; Value = "0R"; VariantName = "[No Variations]"
Change component parameters: Designator = "R6"; Footprint = "FP-RC0402-0_4-IPC_A"; UniqueID = "\ZTJPLVIX"
Change component parameters. Clean all parameters for all variants
Change component parameters (AddParameter): Name = "Datasheet"; Value = "https://www.lcsc.com/product-detail/Chip-Resistor-Surface-Mount_YAGEO-RC0402FR-070RL_C106231.html"; VariantName = "[No Variations]"
Change component parameters (AddParameter): Name = "LCSC Part #"; Value = "C106231"; VariantName = "[No Variations]"
Change component parameters (AddParameter): Name = "Manufacturer"; Value = "Yageo"; VariantName = "[No Variations]"
Change component parameters (AddParameter): Name = "Mfr. Part #"; Value = "RC0402FR-070RL"; VariantName = "[No Variations]"
Change component parameters (AddParameter): Name = "Package"; Value = "0402"; VariantName = "[No Variations]"
Change component parameters (AddParameter): Name = "value"; Value = "0R"; VariantName = "[No Variations]"
Change component parameters: Designator = "R7"; Footprint = "FP-RC0402-0_4-IPC_A"; UniqueID = "\ISTFLBRR"
Change component parameters. Clean all parameters for all variants
Change component parameters (AddParameter): Name = "Datasheet"; Value = "https://www.lcsc.com/product-detail/Chip-Resistor-Surface-Mount_YAGEO-RC0402FR-070RL_C106231.html"; VariantName = "[No Variations]"
Change component parameters (AddParameter): Name = "LCSC Part #"; Value = "C106231"; VariantName = "[No Variations]"
Change component parameters (AddParameter): Name = "Manufacturer"; Value = "Yageo"; VariantName = "[No Variations]"
Change component parameters (AddParameter): Name = "Mfr. Part #"; Value = "RC0402FR-070RL"; VariantName = "[No Variations]"
Change component parameters (AddParameter): Name = "Package"; Value = "0402"; VariantName = "[No Variations]"
Change component parameters (AddParameter): Name = "value"; Value = "0R"; VariantName = "[No Variations]"
Change component parameters: Designator = "R10"; Footprint = "FP-RC0402-0_4-IPC_A"; UniqueID = "\VTZXHYLZ"
Change component parameters. Clean all parameters for all variants
Change component parameters (AddParameter): Name = "Datasheet"; Value = "https://www.lcsc.com/product-detail/Chip-Resistor-Surface-Mount_YAGEO-RC0402FR-070RL_C106231.html"; VariantName = "[No Variations]"
Change component parameters (AddParameter): Name = "LCSC Part #"; Value = "C106231"; VariantName = "[No Variations]"
Change component parameters (AddParameter): Name = "Manufacturer"; Value = "Yageo"; VariantName = "[No Variations]"
Change component parameters (AddParameter): Name = "Mfr. Part #"; Value = "RC0402FR-070RL"; VariantName = "[No Variations]"
Change component parameters (AddParameter): Name = "Package"; Value = "0402"; VariantName = "[No Variations]"
Change component parameters (AddParameter): Name = "value"; Value = "0R"; VariantName = "[No Variations]"
Change component parameters: Designator = "R12"; Footprint = "FP-RC0402-0_4-IPC_A"; UniqueID = "\UWYFMJBM"
Change component parameters. Clean all parameters for all variants
Change component parameters (AddParameter): Name = "Datasheet"; Value = "https://www.lcsc.com/product-detail/Chip-Resistor-Surface-Mount_YAGEO-RC0402FR-070RL_C106231.html"; VariantName = "[No Variations]"
Change component parameters (AddParameter): Name = "LCSC Part #"; Value = "C106231"; VariantName = "[No Variations]"
Change component parameters (AddParameter): Name = "Manufacturer"; Value = "Yageo"; VariantName = "[No Variations]"
Change component parameters (AddParameter): Name = "Mfr. Part #"; Value = "RC0402FR-070RL"; VariantName = "[No Variations]"
Change component parameters (AddParameter): Name = "Package"; Value = "0402"; VariantName = "[No Variations]"
Change component parameters (AddParameter): Name = "value"; Value = "0R"; VariantName = "[No Variations]"
Change component parameters: Designator = "R13"; Footprint = "FP-RC0402-0_4-IPC_A"; UniqueID = "\HHMYLLHC"
Change component parameters. Clean all parameters for all variants
Change component parameters (AddParameter): Name = "Datasheet"; Value = "https://www.lcsc.com/product-detail/Chip-Resistor-Surface-Mount_YAGEO-RC0402FR-070RL_C106231.html"; VariantName = "[No Variations]"
Change component parameters (AddParameter): Name = "LCSC Part #"; Value = "C106231"; VariantName = "[No Variations]"
Change component parameters (AddParameter): Name = "Manufacturer"; Value = "Yageo"; VariantName = "[No Variations]"
Change component parameters (AddParameter): Name = "Mfr. Part #"; Value = "RC0402FR-070RL"; VariantName = "[No Variations]"
Change component parameters (AddParameter): Name = "Package"; Value = "0402"; VariantName = "[No Variations]"
Change component parameters (AddParameter): Name = "value"; Value = "0R"; VariantName = "[No Variations]"
Change component parameters: Designator = "R14"; Footprint = "FP-RC0402-0_4-IPC_A"; UniqueID = "\AZGLJBFE"
Change component parameters. Clean all parameters for all variants
Change component parameters (AddParameter): Name = "Datasheet"; Value = "https://www.lcsc.com/product-detail/Chip-Resistor-Surface-Mount_YAGEO-RC0402FR-070RL_C106231.html"; VariantName = "[No Variations]"
Change component parameters (AddParameter): Name = "LCSC Part #"; Value = "C106231"; VariantName = "[No Variations]"
Change component parameters (AddParameter): Name = "Manufacturer"; Value = "Yageo"; VariantName = "[No Variations]"
Change component parameters (AddParameter): Name = "Mfr. Part #"; Value = "RC0402FR-070RL"; VariantName = "[No Variations]"
Change component parameters (AddParameter): Name = "Package"; Value = "0402"; VariantName = "[No Variations]"
Change component parameters (AddParameter): Name = "value"; Value = "0R"; VariantName = "[No Variations]"
Change component parameters: Designator = "B4"; Footprint = "ESP32C3WROOM02N4"; UniqueID = "\FXFXFDRR"
Change component parameters. Clean all parameters for all variants
Change component parameters (AddParameter): Name = "Datasheet"; Value = "https://www.espressif.com/sites/default/files/documentation/esp32-c3-wroom-02_datasheet_en.pdf"; VariantName = "[No Variations]"
Change component parameters (AddParameter): Name = "LCSC Part #"; Value = "C2934560"; VariantName = "[No Variations]"
Change component parameters (AddParameter): Name = "Manufacturer"; Value = "Espressif Systems"; VariantName = "[No Variations]"
Change component parameters (AddParameter): Name = "Mfr. Part #"; Value = "ESP32-C3-WROOM-02-N4"; VariantName = "[No Variations]"
Change component parameters: Designator = "C8"; Footprint = "CAPC1050X55X23ML05T13"; UniqueID = "\XHNYSZYY"
Change component parameters. Clean all parameters for all variants
Change component parameters (AddParameter): Name = "Datasheet"; Value = "https://datasheet.lcsc.com/lcsc/1810191219_Samsung-Electro-Mechanics-CL05B104KO5NNNC_C1525.pdf"; VariantName = "[No Variations]"
Change component parameters (AddParameter): Name = "LCSC Part #"; Value = "C1525"; VariantName = "[No Variations]"
Change component parameters (AddParameter): Name = "Manufacturer"; Value = "Samsung Electro-Mechanics"; VariantName = "[No Variations]"
Change component parameters (AddParameter): Name = "Mfr. Part #"; Value = "CL05B104KO5NNNC"; VariantName = "[No Variations]"
Change component parameters (AddParameter): Name = "Package"; Value = "0402"; VariantName = "[No Variations]"
Change component parameters (AddParameter): Name = "Value"; Value = "100nF"; VariantName = "[No Variations]"
Change component parameters: Designator = "C9"; Footprint = "FP-CL511-IPC_C"; UniqueID = "\BZJIXXGQ"
Change component parameters. Clean all parameters for all variants
Change component parameters (AddParameter): Name = "Datasheet"; Value = "https://datasheet.lcsc.com/lcsc/1810191214_Samsung-Electro-Mechanics-CL05A105KP5NNNC_C14445.pdf"; VariantName = "[No Variations]"
Change component parameters (AddParameter): Name = "LCSC Part #"; Value = "C14445"; VariantName = "[No Variations]"
Change component parameters (AddParameter): Name = "Manufacturer"; Value = "Samsung Electro-Mechanics"; VariantName = "[No Variations]"
Change component parameters (AddParameter): Name = "Mfr. Part #"; Value = "CL05A105KP5NNNC"; VariantName = "[No Variations]"
Change component parameters (AddParameter): Name = "Package"; Value = "0402"; VariantName = "[No Variations]"
Change component parameters (AddParameter): Name = "Value"; Value = "1uF"; VariantName = "[No Variations]"
Change component parameters: Designator = "J6"; Footprint = "AMPHENOL_10118192-0001LF"; UniqueID = "\TEXNEABC"
Change component parameters. Clean all parameters for all variants
Change component parameters (AddParameter): Name = "Datasheet"; Value = "https://datasheet.lcsc.com/lcsc/2111290930_Amphenol-ICC-10118192-0001LF_C132564.pdf"; VariantName = "[No Variations]"
Change component parameters (AddParameter): Name = "LCSC Part #"; Value = "C132564"; VariantName = "[No Variations]"
Change component parameters (AddParameter): Name = "Manufacturer"; Value = "Amphenol ICC"; VariantName = "[No Variations]"
Change component parameters (AddParameter): Name = "Mfr. Part #"; Value = "10118192-0001LF"; VariantName = "[No Variations]"
Change component parameters (AddParameter): Name = "Package"; Value = "SMD"; VariantName = "[No Variations]"
Change component parameters: Designator = "S2"; Footprint = "TL1105AF160Q"; UniqueID = "\DHJSFLZA"
Change component parameters. Clean all parameters for all variants
Change component parameters (AddParameter): Name = "Datasheet"; Value = "https://datasheet.lcsc.com/lcsc/1809291031_E-Switch-TL1105AF160Q_C273465.pdf"; VariantName = "[No Variations]"
Change component parameters (AddParameter): Name = "LCSC Part #"; Value = "C273465"; VariantName = "[No Variations]"
Change component parameters (AddParameter): Name = "Manufacturer"; Value = "E-Switch"; VariantName = "[No Variations]"
Change component parameters (AddParameter): Name = "Mfr. Part #"; Value = "TL1105AF160Q"; VariantName = "[No Variations]"
Change component parameters (AddParameter): Name = "Package"; Value = "Plugin,6x6mm"; VariantName = "[No Variations]"
Change component parameters: Designator = "S3"; Footprint = "TL1105AF160Q"; UniqueID = "\SGAPNZXU"
Change component parameters. Clean all parameters for all variants
Change component parameters (AddParameter): Name = "Datasheet"; Value = "https://datasheet.lcsc.com/lcsc/1809291031_E-Switch-TL1105AF160Q_C273465.pdf"; VariantName = "[No Variations]"
Change component parameters (AddParameter): Name = "LCSC Part #"; Value = "C273465"; VariantName = "[No Variations]"
Change component parameters (AddParameter): Name = "Manufacturer"; Value = "E-Switch"; VariantName = "[No Variations]"
Change component parameters (AddParameter): Name = "Mfr. Part #"; Value = "TL1105AF160Q"; VariantName = "[No Variations]"
Change component parameters (AddParameter): Name = "Package"; Value = "Plugin,6x6mm"; VariantName = "[No Variations]"
Change component parameters: Designator = "Y1"; Footprint = "FP-ABS07-MFG"; UniqueID = "\PEJYMCVP"
Change component parameters. Clean all parameters for all variants
Change component parameters (AddParameter): Name = "Datasheet"; Value = "https://datasheet.lcsc.com/lcsc/1809211224_Abracon-LLC-ABS07-32-768KHZ-T_C130253.pdf"; VariantName = "[No Variations]"
Change component parameters (AddParameter): Name = "LCSC Part #"; Value = "C130253"; VariantName = "[No Variations]"
Change component parameters (AddParameter): Name = "Manufacturer"; Value = "Abracon LLC"; VariantName = "[No Variations]"
Change component parameters (AddParameter): Name = "Mfr. Part #"; Value = "ABS07-32.768KHZ-T"; VariantName = "[No Variations]"
Change component parameters (AddParameter): Name = "Package"; Value = "SMD3215-2P"; VariantName = "[No Variations]"
Change component parameters (AddParameter): Name = "Value"; Value = "32.768kHz"; VariantName = "[No Variations]"
Change component parameters: Designator = "B2"; Footprint = "UU98Y10MH"; UniqueID = "\OELTDDQH"
Change component parameters. Clean all parameters for all variants
Change component parameters (AddParameter): Name = "Datasheet"; Value = "https://datasheet.lcsc.com/lcsc/1810311213_FH--Guangdong-Fenghua-Advanced-Tech-UU9-8Y-10mH_C75192.pdf"; VariantName = "[No Variations]"
Change component parameters (AddParameter): Name = "LCSC Part #"; Value = "C75192"; VariantName = "[No Variations]"
Change component parameters (AddParameter): Name = "Manufacturer"; Value = "FH (Guangdong Fenghua Advanced Tech)"; VariantName = "[No Variations]"
Change component parameters (AddParameter): Name = "Mfr. Part #"; Value = "UU9.8Y-10MH"; VariantName = "[No Variations]"
Change component parameters (AddParameter): Name = "Package"; Value = "Plugin"; VariantName = "[No Variations]"
Change component parameters: Designator = "C2"; Footprint = "CAPAE830X1050N"; UniqueID = "\EIUKQBPQ"
Change component parameters. Clean all parameters for all variants
Change component parameters (AddParameter): Name = "Datasheet"; Value = "https://datasheet.lcsc.com/lcsc/2002121532_Nichicon-UUR1C221MNL1GS_C445237.pdf"; VariantName = "[No Variations]"
Change component parameters (AddParameter): Name = "LCSC Part #"; Value = "C445237"; VariantName = "[No Variations]"
Change component parameters (AddParameter): Name = "Manufacturer"; Value = "Nichicon"; VariantName = "[No Variations]"
Change component parameters (AddParameter): Name = "Mfr. Part #"; Value = "UUR1C221MNL1GS"; VariantName = "[No Variations]"
Change component parameters (AddParameter): Name = "Package"; Value = "SMD,D8xL10mm"; VariantName = "[No Variations]"
Change component parameters (AddParameter): Name = "Value"; Value = "220uF"; VariantName = "[No Variations]"
Change component parameters: Designator = "P1"; Footprint = "PHOE-1729128-2_V"; UniqueID = "\PESTBTXM"
Change component parameters. Clean all parameters for all variants
Change component parameters (AddParameter): Name = "Datasheet"; Value = "https://www.farnell.com/datasheets/2617011.pdf"; VariantName = "[No Variations]"
Change component parameters (AddParameter): Name = "LCSC Part #"; Value = "C91153"; VariantName = "[No Variations]"
Change component parameters (AddParameter): Name = "Manufacturer"; Value = "Phoenix Contact"; VariantName = "[No Variations]"
Change component parameters (AddParameter): Name = "Mfr. Part #"; Value = "1729128"; VariantName = "[No Variations]"
Change component parameters (AddParameter): Name = "Package"; Value = "Plugin,P=5.08mm"; VariantName = "[No Variations]"
Change component parameters: Designator = "P2"; Footprint = "PHOE-1729128-2_V"; UniqueID = "\MDFAMQXC"
Change component parameters. Clean all parameters for all variants
Change component parameters (AddParameter): Name = "Datasheet"; Value = "https://www.farnell.com/datasheets/2617011.pdf"; VariantName = "[No Variations]"
Change component parameters (AddParameter): Name = "LCSC Part #"; Value = "C91153"; VariantName = "[No Variations]"
Change component parameters (AddParameter): Name = "Manufacturer"; Value = "Phoenix Contact"; VariantName = "[No Variations]"
Change component parameters (AddParameter): Name = "Mfr. Part #"; Value = "1729128"; VariantName = "[No Variations]"
Change component parameters (AddParameter): Name = "Package"; Value = "Plugin,P=5.08mm"; VariantName = "[No Variations]"
Change component parameters: Designator = "P6"; Footprint = "HDR1X4"; UniqueID = "\PLFOIFOP"
Change component parameters. Clean all parameters for all variants
Change component parameters (AddParameter): Name = "LCSC Part #"; Value = "C141344"; VariantName = "[No Variations]"
Change component parameters (AddParameter): Name = "Manufacturer"; Value = "Zhengzhou Winsen Elec Tech"; VariantName = "[No Variations]"
Change component parameters (AddParameter): Name = "Mfr. Part #"; Value = "ZE08-CH2O"; VariantName = "[No Variations]"
Change component parameters: Designator = "P9"; Footprint = "HDR1X6"; UniqueID = "\AHNKHNCL"
Change component parameters. Clean all parameters for all variants
Change component parameters (AddParameter): Name = "Datasheet"; Value = "https://datasheet.lcsc.com/lcsc/1810251510_Beijing-Plantower-PMS5003_C91431.pdf"; VariantName = "[No Variations]"
Change component parameters (AddParameter): Name = "LCSC Part #"; Value = "C91431"; VariantName = "[No Variations]"
Change component parameters (AddParameter): Name = "Manufacturer"; Value = "Beijing Plantower"; VariantName = "[No Variations]"
Change component parameters (AddParameter): Name = "Mfr. Part #"; Value = "PMS5003"; VariantName = "[No Variations]"
Change component parameters (AddParameter): Name = "Package"; Value = "PMS5003"; VariantName = "[No Variations]"
Change component parameters: Designator = "U1"; Footprint = "FP-HLK-10M05-MFG"; UniqueID = "\TXVWNNQK"
Change component parameters. Clean all parameters for all variants
Change component parameters (AddParameter): Name = "LCSC Part #"; Value = "C403745"; VariantName = "[No Variations]"
Change component parameters (AddParameter): Name = "Manufacturer"; Value = "HI-LINK"; VariantName = "[No Variations]"
Change component parameters (AddParameter): Name = "Mfr. Part #"; Value = "HLK-10M05"; VariantName = "[No Variations]"
Change component parameters (AddParameter): Name = "Package"; Value = "Plugin"; VariantName = "[No Variations]"
Change component parameters: Designator = "R8"; Footprint = "RESC1005X40X25LL05T10"; UniqueID = "\FRPOXMLX"
Change component parameters. Clean all parameters for all variants
Change component parameters (AddParameter): Name = "LCSC Part #"; Value = "C60490"; VariantName = "[No Variations]"
Change component parameters (AddParameter): Name = "Manufacturer"; Value = "YAGEO"; VariantName = "[No Variations]"
Change component parameters (AddParameter): Name = "Mfr. Part #"; Value = "RC0402FR-0710KL"; VariantName = "[No Variations]"
Change component parameters (AddParameter): Name = "Package"; Value = "0402"; VariantName = "[No Variations]"
Change component parameters (AddParameter): Name = "Value"; Value = "10kO"; VariantName = "[No Variations]"
Change component parameters: Designator = "R9"; Footprint = "RESC1005X40X25LL05T10"; UniqueID = "\BXGEJRRT"
Change component parameters. Clean all parameters for all variants
Change component parameters (AddParameter): Name = "LCSC Part #"; Value = "C60490"; VariantName = "[No Variations]"
Change component parameters (AddParameter): Name = "Manufacturer"; Value = "YAGEO"; VariantName = "[No Variations]"
Change component parameters (AddParameter): Name = "Mfr. Part #"; Value = "RC0402FR-0710KL"; VariantName = "[No Variations]"
Change component parameters (AddParameter): Name = "Package"; Value = "0402"; VariantName = "[No Variations]"
Change component parameters (AddParameter): Name = "Value"; Value = "10kO"; VariantName = "[No Variations]"
Change component parameters: Designator = "R11"; Footprint = "RESC1005X40X25LL05T10"; UniqueID = "\GNSQVFFH"
Change component parameters. Clean all parameters for all variants
Change component parameters (AddParameter): Name = "LCSC Part #"; Value = "C60490"; VariantName = "[No Variations]"
Change component parameters (AddParameter): Name = "Manufacturer"; Value = "YAGEO"; VariantName = "[No Variations]"
Change component parameters (AddParameter): Name = "Mfr. Part #"; Value = "RC0402FR-0710KL"; VariantName = "[No Variations]"
Change component parameters (AddParameter): Name = "Package"; Value = "0402"; VariantName = "[No Variations]"
Change component parameters (AddParameter): Name = "Value"; Value = "10kO"; VariantName = "[No Variations]"
Change component parameters: Designator = "Q1"; Footprint = "TO304P498X1010X2089-3P"; UniqueID = "\AEIFJRBZ"
Change component parameters. Clean all parameters for all variants
Change component parameters (AddParameter): Name = "Datasheet"; Value = "https://datasheet.lcsc.com/lcsc/2206081730_Jiangsu-Changjing-Electronics-Technology-Co---Ltd--2SD313_C3031919.pdf"; VariantName = "[No Variations]"
Change component parameters (AddParameter): Name = "LCSC Part #"; Value = "C3031919"; VariantName = "[No Variations]"
Change component parameters (AddParameter): Name = "Manufacturer"; Value = "Jiangsu Changjing Electronics Technology Co., Ltd."; VariantName = "[No Variations]"
Change component parameters (AddParameter): Name = "Mfr. Part #"; Value = "2SD313"; VariantName = "[No Variations]"
Change component parameters (AddParameter): Name = "Package"; Value = "TO-220"; VariantName = "[No Variations]"
Added Member To Class: ClassName=esp32-c3 module Member=Component P12 Header 9
Added Room: Name=AQM with esp32
Added Room: Name=esp32-c3 module
