Removed Pin From Net: NetName=SET Pin=B4-7
Removed Pin From Net: NetName=GND Pin=D1-1
Removed Pin From Net: NetName=5V Pin=D1-2
Removed Pin From Net: NetName=SET Pin=P11-3
Removed Pin From Net: NetName=SET Pin=R16-1
Removed Pin From Net: NetName=SET Pin=R17-1
Removed Member From Class: ClassName=esp32-c3 module Member=R11
Removed Member From Class: ClassName=esp32-c3 module Member=R17
Change Component Footprint: Designator=D1 Old Footprint=HDR1X4 New Footprint=HDR1X6
Change component parameters: Designator = "R3"; Footprint = "RESC1608X55X25LL10T15"; UniqueID = "\PUJMFYBA"
Change component parameters. Clean all parameters for all variants
Change component parameters (AddParameter): Name = "ComponentLink1Description"; Value = "Manufacturer URL"; VariantName = "[No Variations]"
Change component parameters (AddParameter): Name = "ComponentLink1URL"; Value = "http://www.yageo.com/"; VariantName = "[No Variations]"
Change component parameters (AddParameter): Name = "ComponentLink2Description"; Value = "Datasheet"; VariantName = "[No Variations]"
Change component parameters (AddParameter): Name = "ComponentLink2URL"; Value = "https://datasheet.ciiva.com/11808/0900766b80f96399-11808177.pdf"; VariantName = "[No Variations]"
Change component parameters (AddParameter): Name = "Datasheet"; Value = "https://datasheet.lcsc.com/lcsc/1810161617_YAGEO-RC0603FR-07470RL_C114669.pdf"; VariantName = "[No Variations]"
Change component parameters (AddParameter): Name = "LCSC Part #"; Value = "C114669"; VariantName = "[No Variations]"
Change component parameters (AddParameter): Name = "Manufacturer"; Value = "YAGEO"; VariantName = "[No Variations]"
Change component parameters (AddParameter): Name = "Mfr. Part #"; Value = "RC0603FR-07470RL"; VariantName = "[No Variations]"
Change component parameters (AddParameter): Name = "Package"; Value = "0603"; VariantName = "[No Variations]"
Change component parameters (AddParameter): Name = "Value"; Value = "470O"; VariantName = "[No Variations]"
Change component parameters: Designator = "R8"; Footprint = "RESC1005X40X25LL05T10"; UniqueID = "\FRPOXMLX"
Change component parameters. Clean all parameters for all variants
Change component parameters (AddParameter): Name = "LCSC Part #"; Value = "C60490"; VariantName = "[No Variations]"
Change component parameters (AddParameter): Name = "Manufacturer"; Value = "YAGEO"; VariantName = "[No Variations]"
Change component parameters (AddParameter): Name = "Mfr. Part #"; Value = "RC0402FR-0710KL"; VariantName = "[No Variations]"
Change component parameters (AddParameter): Name = "Package"; Value = "0402"; VariantName = "[No Variations]"
Change component parameters (AddParameter): Name = "Value"; Value = "10kO"; VariantName = "[No Variations]"
Change component parameters: Designator = "R9"; Footprint = "RESC1005X40X25LL05T10"; UniqueID = "\IFGUBXCG"
Change component parameters. Clean all parameters for all variants
Change component parameters (AddParameter): Name = "LCSC Part #"; Value = "C60490"; VariantName = "[No Variations]"
Change component parameters (AddParameter): Name = "Manufacturer"; Value = "YAGEO"; VariantName = "[No Variations]"
Change component parameters (AddParameter): Name = "Mfr. Part #"; Value = "RC0402FR-0710KL"; VariantName = "[No Variations]"
Change component parameters (AddParameter): Name = "Package"; Value = "0402"; VariantName = "[No Variations]"
Change component parameters (AddParameter): Name = "Value"; Value = "10kO"; VariantName = "[No Variations]"
Change component parameters: Designator = "R11"; Footprint = "RESC1005X40X25LL05T10"; UniqueID = "\ELDYHIYJ"
Change component parameters. Clean all parameters for all variants
Change component parameters (AddParameter): Name = "LCSC Part #"; Value = "C60490"; VariantName = "[No Variations]"
Change component parameters (AddParameter): Name = "Manufacturer"; Value = "YAGEO"; VariantName = "[No Variations]"
Change component parameters (AddParameter): Name = "Mfr. Part #"; Value = "RC0402FR-0710KL"; VariantName = "[No Variations]"
Change component parameters (AddParameter): Name = "Package"; Value = "0402"; VariantName = "[No Variations]"
Change component parameters (AddParameter): Name = "Value"; Value = "10kO"; VariantName = "[No Variations]"
Added Component: Designator=P13(HDR1X8)
Add component. Clean all parameters for all variants
Add component (AddParameter): Name = "LatestRevisionDate"; Value = "17-Jul-2002"; VariantName = "[No Variations]"
Add component (AddParameter): Name = "LatestRevisionNote"; Value = "Re-released for DXP Platform."; VariantName = "[No Variations]"
Add component (AddParameter): Name = "Publisher"; Value = "Altium Limited"; VariantName = "[No Variations]"
Added Component: Designator=R18(RESC1005X40X25LL05T10)
Add component. Clean all parameters for all variants
Add component (AddParameter): Name = "LCSC Part #"; Value = "C60490"; VariantName = "[No Variations]"
Add component (AddParameter): Name = "Manufacturer"; Value = "YAGEO"; VariantName = "[No Variations]"
Add component (AddParameter): Name = "Mfr. Part #"; Value = "RC0402FR-0710KL"; VariantName = "[No Variations]"
Add component (AddParameter): Name = "Package"; Value = "0402"; VariantName = "[No Variations]"
Add component (AddParameter): Name = "Value"; Value = "10kO"; VariantName = "[No Variations]"
Added Component: Designator=R19(RESC1005X40X25LL05T10)
Add component. Clean all parameters for all variants
Add component (AddParameter): Name = "LCSC Part #"; Value = "C60490"; VariantName = "[No Variations]"
Add component (AddParameter): Name = "Manufacturer"; Value = "YAGEO"; VariantName = "[No Variations]"
Add component (AddParameter): Name = "Mfr. Part #"; Value = "RC0402FR-0710KL"; VariantName = "[No Variations]"
Add component (AddParameter): Name = "Package"; Value = "0402"; VariantName = "[No Variations]"
Add component (AddParameter): Name = "Value"; Value = "10kO"; VariantName = "[No Variations]"
Added Component: Designator=R20(RESC1005X40X25LL05T10)
Add component. Clean all parameters for all variants
Add component (AddParameter): Name = "LCSC Part #"; Value = "C60490"; VariantName = "[No Variations]"
Add component (AddParameter): Name = "Manufacturer"; Value = "YAGEO"; VariantName = "[No Variations]"
Add component (AddParameter): Name = "Mfr. Part #"; Value = "RC0402FR-0710KL"; VariantName = "[No Variations]"
Add component (AddParameter): Name = "Package"; Value = "0402"; VariantName = "[No Variations]"
Add component (AddParameter): Name = "Value"; Value = "10kO"; VariantName = "[No Variations]"
Added Component: Designator=U2(PW0020A_M)
Add component. Clean all parameters for all variants
Add component (AddParameter): Name = "# of I/Os"; Value = "8"; VariantName = "[No Variations]"
Add component (AddParameter): Name = "5V Tolerant I/O"; Value = ""; VariantName = "[No Variations]"
Add component (AddParameter): Name = "Channel Width"; Value = ""; VariantName = "[No Variations]"
Add component (AddParameter): Name = "Code_JEDEC"; Value = "MO-153"; VariantName = "[No Variations]"
Add component (AddParameter): Name = "ComponentLink1Description"; Value = "Datasheet"; VariantName = "[No Variations]"
Add component (AddParameter): Name = "ComponentLink1URL"; Value = "http://www.ti.com/general/docs/lit/getliterature.tsp?genericPartNumber=PCF8574A&fileType=pdf"; VariantName = "[No Variations]"
Add component (AddParameter): Name = "ComponentLink2Description"; Value = ""; VariantName = "[No Variations]"
Add component (AddParameter): Name = "ComponentLink2URL"; Value = ""; VariantName = "[No Variations]"
Add component (AddParameter): Name = "Configuration Registers"; Value = ""; VariantName = "[No Variations]"
Add component (AddParameter): Name = "DatasheetVersion"; Value = "SCPS069D"; VariantName = "[No Variations]"
Add component (AddParameter): Name = "Eco-Plan"; Value = "Green (RoHS & no Sb/Br)"; VariantName = "[No Variations]"
Add component (AddParameter): Name = "Enable Pin"; Value = ""; VariantName = "[No Variations]"
Add component (AddParameter): Name = "EXP Pin"; Value = ""; VariantName = "[No Variations]"
Add component (AddParameter): Name = "fSCLK(Max)(MHz)"; Value = "0.1"; VariantName = "[No Variations]"
Add component (AddParameter): Name = "Function"; Value = ""; VariantName = "[No Variations]"
Add component (AddParameter): Name = "I2C Address"; Value = "0111 xxx"; VariantName = "[No Variations]"
Add component (AddParameter): Name = "Interrupt Output"; Value = "Yes"; VariantName = "[No Variations]"
Add component (AddParameter): Name = "Low Power"; Value = ""; VariantName = "[No Variations]"
Add component (AddParameter): Name = "Manufacturer"; Value = "Texas Instruments"; VariantName = "[No Variations]"
Add component (AddParameter): Name = "Master Side I2C Bus Capacitance Supported(pF)"; Value = ""; VariantName = "[No Variations]"
Add component (AddParameter): Name = "Max Frequency(kHz)"; Value = "100"; VariantName = "[No Variations]"
Add component (AddParameter): Name = "Mounting Technology"; Value = "Surface Mount"; VariantName = "[No Variations]"
Add component (AddParameter): Name = "No. of Outputs"; Value = ""; VariantName = "[No Variations]"
Add component (AddParameter): Name = "On-Chip Power-on-Reset"; Value = ""; VariantName = "[No Variations]"
Add component (AddParameter): Name = "Open Drain I/O Type"; Value = ""; VariantName = "[No Variations]"
Add component (AddParameter): Name = "PackageDescription"; Value = "20-Pin Plastic Thin Small Outline Package 6.5 x 4.4 mm Body ,0.65 mm Pitch"; VariantName = "[No Variations]"
Add component (AddParameter): Name = "PackageReference"; Value = "PW0020A"; VariantName = "[No Variations]"
Add component (AddParameter): Name = "PackageVersion"; Value = "revG, Feb-2011"; VariantName = "[No Variations]"
Add component (AddParameter): Name = "PartNumber"; Value = "PCF8574APWR"; VariantName = "[No Variations]"
Add component (AddParameter): Name = "Push-Pull I/O Type"; Value = "Yes"; VariantName = "[No Variations]"
Add component (AddParameter): Name = "Rating"; Value = ""; VariantName = "[No Variations]"
Add component (AddParameter): Name = "Reset Input"; Value = "No"; VariantName = "[No Variations]"
Add component (AddParameter): Name = "Simultaneously Active Channels"; Value = ""; VariantName = "[No Variations]"
Add component (AddParameter): Name = "Slave Side I2C Bus Capacitance Supported(pF)"; Value = ""; VariantName = "[No Variations]"
Add component (AddParameter): Name = "SubFamily"; Value = "I2C IO Expander"; VariantName = "[No Variations]"
Add component (AddParameter): Name = "Technology Family"; Value = ""; VariantName = "[No Variations]"
Add component (AddParameter): Name = "tpd max(ns)"; Value = ""; VariantName = "[No Variations]"
Add component (AddParameter): Name = "VCC(Max)(V)"; Value = "6"; VariantName = "[No Variations]"
Add component (AddParameter): Name = "VCC(Min)(V)"; Value = "2.5"; VariantName = "[No Variations]"
Add component (AddParameter): Name = "Vcc range(V)"; Value = "2.5 to 6.0"; VariantName = "[No Variations]"
Add component (AddParameter): Name = "Voltage Nodes(V)"; Value = "5, 3.3"; VariantName = "[No Variations]"
Added Pin To Net: NetName=GND Pin=D1-5
Added Pin To Net: NetName=5V Pin=D1-6
Added Pin To Net: NetName=SET Pin=P13-8
Added Pin To Net: NetName=5V Pin=R18-1
Added Pin To Net: NetName=SCL Pin=R18-2
Added Pin To Net: NetName=5V Pin=R19-1
Added Pin To Net: NetName=SDA Pin=R19-2
Added Pin To Net: NetName=5V Pin=R20-1
Added Pin To Net: NetName=SCL Pin=U2-2
Added Pin To Net: NetName=SDA Pin=U2-4
Added Pin To Net: NetName=5V Pin=U2-5
Added Pin To Net: NetName=GND Pin=U2-6
Added Pin To Net: NetName=GND Pin=U2-7
Added Pin To Net: NetName=GND Pin=U2-9
Added Pin To Net: NetName=GND Pin=U2-15
Added Pin To Net: NetName=SET Pin=U2-20
Change Net Name : Old Net Name=NetP9_1 New Net Name=RST
Change Net Name : Old Net Name=SET New Net Name=P7
Added Pin To Net: NetName=IO8 Pin=B4-7
Added Pin To Net: NetName=IO8 Pin=P11-3
Added Pin To Net: NetName=IO8 Pin=R20-2
Added Pin To Net: NetName=IO8 Pin=U2-1
Added Net: Name=IO8
Added Pin To Net: NetName=P0 Pin=P13-1
Added Pin To Net: NetName=P0 Pin=R16-1
Added Pin To Net: NetName=P0 Pin=R17-1
Added Pin To Net: NetName=P0 Pin=U2-10
Added Net: Name=P0
Added Pin To Net: NetName=P1 Pin=D1-2
Added Pin To Net: NetName=P1 Pin=P13-2
Added Pin To Net: NetName=P1 Pin=U2-11
Added Net: Name=P1
Added Pin To Net: NetName=P2 Pin=D1-1
Added Pin To Net: NetName=P2 Pin=P13-3
Added Pin To Net: NetName=P2 Pin=U2-12
Added Net: Name=P2
Added Pin To Net: NetName=P3 Pin=P13-4
Added Pin To Net: NetName=P3 Pin=U2-14
Added Net: Name=P3
Added Pin To Net: NetName=P4 Pin=P13-5
Added Pin To Net: NetName=P4 Pin=U2-16
Added Net: Name=P4
Added Pin To Net: NetName=P5 Pin=P13-6
Added Pin To Net: NetName=P5 Pin=U2-17
Added Net: Name=P5
Added Pin To Net: NetName=P6 Pin=P13-7
Added Pin To Net: NetName=P6 Pin=U2-19
Added Net: Name=P6
Added Member To Class: ClassName=esp32-c3 module Member=Component B4 ESP32-C3-WROOM-02-N4
Added Member To Class: ClassName=AQM with esp32 Member=Component P13 Header 8
Added Member To Class: ClassName=AQM with esp32 Member=Component R11 10kO
Added Member To Class: ClassName=AQM with esp32 Member=Component R17 0R
Added Member To Class: ClassName=AQM with esp32 Member=Component R18 10kO
Added Member To Class: ClassName=AQM with esp32 Member=Component R19 10kO
Added Member To Class: ClassName=AQM with esp32 Member=Component R20 10kO
Added Member To Class: ClassName=AQM with esp32 Member=Component U2 PCF8574APWR
Added Room: Name=AQM with esp32
Added Room: Name=esp32-c3 module
